<?xml version="1.0" encoding="UTF-8"?>
<testng-results ignored="0" total="7" passed="3" failed="4" skipped="0">
  <reporter-output>
  </reporter-output>
  <suite started-at="2025-03-13T15:43:12 IST" name="Suite" finished-at="2025-03-13T15:44:25 IST" duration-ms="73388">
    <groups>
      <group name="regression">
        <method signature="datadriverextetntestng.testgooglee()[pri:0, instance:thirddatadrivenformatterextentframeworkthird.datadriverextetntestng@4426bff1]" name="testgooglee" class="thirddatadrivenformatterextentframeworkthird.datadriverextetntestng"/>
      </group> <!-- regression -->
      <group name="smoke">
        <method signature="datadriverextetntestng.testgooglee()[pri:0, instance:thirddatadrivenformatterextentframeworkthird.datadriverextetntestng@4426bff1]" name="testgooglee" class="thirddatadrivenformatterextentframeworkthird.datadriverextetntestng"/>
      </group> <!-- smoke -->
      <group name="sanity">
        <method signature="datadriverextetntestng.testfacebooks()[pri:0, instance:thirddatadrivenformatterextentframeworkthird.datadriverextetntestng@55493582]" name="testfacebooks" class="thirddatadrivenformatterextentframeworkthird.datadriverextetntestng"/>
      </group> <!-- sanity -->
    </groups>
    <test started-at="2025-03-13T15:43:12 IST" name="TestORNGHRM" finished-at="2025-03-13T15:44:12 IST" duration-ms="60685">
      <class name="thirddatadrivenformatterextentframeworkthird.datadriverextetntestng">
        <test-method is-config="true" signature="setup(org.testng.ITestContext)[pri:0, instance:thirddatadrivenformatterextentframeworkthird.datadriverextetntestng@58326051]" started-at="2025-03-13T15:43:12 IST" name="setup" finished-at="2025-03-13T15:43:20 IST" duration-ms="8504" status="PASS">
          <params>
            <param index="0">
              <value>
                <![CDATA[org.testng.TestRunner@44592c39]]>
              </value>
            </param>
          </params>
          <reporter-output>
          </reporter-output>
        </test-method> <!-- setup -->
        <test-method signature="testOrangeHRMone(java.lang.String,java.lang.String)[pri:0, instance:thirddatadrivenformatterextentframeworkthird.datadriverextetntestng@58326051]" started-at="2025-03-13T15:43:21 IST" name="testOrangeHRMone" data-provider="verification" finished-at="2025-03-13T15:43:30 IST" duration-ms="9256" status="PASS">
          <params>
            <param index="0">
              <value>
                <![CDATA[Admin]]>
              </value>
            </param>
            <param index="1">
              <value>
                <![CDATA[admin123]]>
              </value>
            </param>
          </params>
          <reporter-output>
          </reporter-output>
        </test-method> <!-- testOrangeHRMone -->
        <test-method is-config="true" signature="checkstatus(java.lang.reflect.Method,org.testng.ITestResult)[pri:0, instance:thirddatadrivenformatterextentframeworkthird.datadriverextetntestng@58326051]" started-at="2025-03-13T15:43:30 IST" name="checkstatus" finished-at="2025-03-13T15:43:30 IST" duration-ms="4" status="PASS">
          <params>
            <param index="0">
              <value>
                <![CDATA[public void thirddatadrivenformatterextentframeworkthird.datadriverextetntestng.testOrangeHRMone(java.lang.String,java.lang.String)]]>
              </value>
            </param>
            <param index="1">
              <value>
                <![CDATA[[TestResult name=testOrangeHRMone status=SUCCESS method=datadriverextetntestng.testOrangeHRMone(java.lang.String,java.lang.String)[pri:0, instance:thirddatadrivenformatterextentframeworkthird.datadriverextetntestng@58326051] output={null}]]]>
              </value>
            </param>
          </params>
          <reporter-output>
          </reporter-output>
        </test-method> <!-- checkstatus -->
        <test-method signature="testOrangeHRMone(java.lang.String,java.lang.String)[pri:0, instance:thirddatadrivenformatterextentframeworkthird.datadriverextetntestng@58326051]" started-at="2025-03-13T15:43:30 IST" name="testOrangeHRMone" data-provider="verification" finished-at="2025-03-13T15:43:43 IST" duration-ms="13258" status="FAIL">
          <params>
            <param index="0">
              <value>
                <![CDATA[Admin]]>
              </value>
            </param>
            <param index="1">
              <value>
                <![CDATA[xcvr987]]>
              </value>
            </param>
          </params>
          <exception class="org.openqa.selenium.NoSuchElementException">
            <message>
              <![CDATA[no such element: Unable to locate element: {"method":"xpath","selector":"//span[@class='oxd-userdropdown-tab']/child::img"}
  (Session info: chrome=133.0.6943.142)
For documentation on this error, please visit: https://www.selenium.dev/documentation/webdriver/troubleshooting/errors#no-such-element-exception
Build info: version: '4.28.1', revision: '73f5ad48a2'
System info: os.name: 'Windows 11', os.arch: 'amd64', os.version: '10.0', java.version: '23.0.1'
Driver info: org.openqa.selenium.chrome.ChromeDriver
Command: [c70068e6dca937f42d02800bb5d28a5e, findElement {using=xpath, value=//span[@class='oxd-userdropdown-tab']/child::img}]
Capabilities {acceptInsecureCerts: false, browserName: chrome, browserVersion: 133.0.6943.142, chrome: {chromedriverVersion: 133.0.6943.141 (2a5d6da0d61..., userDataDir: C:\Users\ASUS\AppData\Local...}, fedcm:accounts: true, goog:chromeOptions: {debuggerAddress: localhost:52468}, networkConnectionEnabled: false, pageLoadStrategy: normal, platformName: windows, proxy: Proxy(), se:cdp: ws://localhost:52468/devtoo..., se:cdpVersion: 133.0.6943.142, setWindowRect: true, strictFileInteractability: false, timeouts: {implicit: 0, pageLoad: 300000, script: 30000}, unhandledPromptBehavior: dismiss and notify, webauthn:extension:credBlob: true, webauthn:extension:largeBlob: true, webauthn:extension:minPinLength: true, webauthn:extension:prf: true, webauthn:virtualAuthenticators: true}
Session ID: c70068e6dca937f42d02800bb5d28a5e]]>
            </message>
            <full-stacktrace>
              <![CDATA[org.openqa.selenium.NoSuchElementException: no such element: Unable to locate element: {"method":"xpath","selector":"//span[@class='oxd-userdropdown-tab']/child::img"}
  (Session info: chrome=133.0.6943.142)
For documentation on this error, please visit: https://www.selenium.dev/documentation/webdriver/troubleshooting/errors#no-such-element-exception
Build info: version: '4.28.1', revision: '73f5ad48a2'
System info: os.name: 'Windows 11', os.arch: 'amd64', os.version: '10.0', java.version: '23.0.1'
Driver info: org.openqa.selenium.chrome.ChromeDriver
Command: [c70068e6dca937f42d02800bb5d28a5e, findElement {using=xpath, value=//span[@class='oxd-userdropdown-tab']/child::img}]
Capabilities {acceptInsecureCerts: false, browserName: chrome, browserVersion: 133.0.6943.142, chrome: {chromedriverVersion: 133.0.6943.141 (2a5d6da0d61..., userDataDir: C:\Users\ASUS\AppData\Local...}, fedcm:accounts: true, goog:chromeOptions: {debuggerAddress: localhost:52468}, networkConnectionEnabled: false, pageLoadStrategy: normal, platformName: windows, proxy: Proxy(), se:cdp: ws://localhost:52468/devtoo..., se:cdpVersion: 133.0.6943.142, setWindowRect: true, strictFileInteractability: false, timeouts: {implicit: 0, pageLoad: 300000, script: 30000}, unhandledPromptBehavior: dismiss and notify, webauthn:extension:credBlob: true, webauthn:extension:largeBlob: true, webauthn:extension:minPinLength: true, webauthn:extension:prf: true, webauthn:virtualAuthenticators: true}
Session ID: c70068e6dca937f42d02800bb5d28a5e
at java.base/jdk.internal.reflect.DirectConstructorHandleAccessor.newInstance(DirectConstructorHandleAccessor.java:62)
at java.base/java.lang.reflect.Constructor.newInstanceWithCaller(Constructor.java:501)
at java.base/java.lang.reflect.Constructor.newInstance(Constructor.java:485)
at org.openqa.selenium.remote.ErrorCodec.decode(ErrorCodec.java:167)
at org.openqa.selenium.remote.codec.w3c.W3CHttpResponseCodec.decode(W3CHttpResponseCodec.java:138)
at org.openqa.selenium.remote.codec.w3c.W3CHttpResponseCodec.decode(W3CHttpResponseCodec.java:50)
at org.openqa.selenium.remote.HttpCommandExecutor.execute(HttpCommandExecutor.java:215)
at org.openqa.selenium.remote.service.DriverCommandExecutor.invokeExecute(DriverCommandExecutor.java:216)
at org.openqa.selenium.remote.service.DriverCommandExecutor.execute(DriverCommandExecutor.java:174)
at org.openqa.selenium.remote.RemoteWebDriver.execute(RemoteWebDriver.java:545)
at org.openqa.selenium.remote.ElementLocation$ElementFinder$2.findElement(ElementLocation.java:165)
at org.openqa.selenium.remote.ElementLocation.findElement(ElementLocation.java:59)
at org.openqa.selenium.remote.RemoteWebDriver.findElement(RemoteWebDriver.java:368)
at org.openqa.selenium.remote.RemoteWebDriver.findElement(RemoteWebDriver.java:362)
at thirddatadrivenformatterextentframeworkthird.datadriverextetntestng.testOrangeHRMone(datadriverextetntestng.java:17)
at java.base/jdk.internal.reflect.DirectMethodHandleAccessor.invoke(DirectMethodHandleAccessor.java:103)
at java.base/java.lang.reflect.Method.invoke(Method.java:580)
at org.testng.internal.invokers.MethodInvocationHelper.invokeMethod(MethodInvocationHelper.java:141)
at org.testng.internal.invokers.TestInvoker.invokeMethod(TestInvoker.java:686)
at org.testng.internal.invokers.TestInvoker.invokeTestMethod(TestInvoker.java:230)
at org.testng.internal.invokers.MethodRunner.runInSequence(MethodRunner.java:63)
at org.testng.internal.invokers.TestInvoker$MethodInvocationAgent.invoke(TestInvoker.java:992)
at org.testng.internal.invokers.TestInvoker.invokeTestMethods(TestInvoker.java:203)
at org.testng.internal.invokers.TestMethodWorker.invokeTestMethods(TestMethodWorker.java:154)
at org.testng.internal.invokers.TestMethodWorker.run(TestMethodWorker.java:134)
at java.base/java.util.ArrayList.forEach(ArrayList.java:1597)
at org.testng.TestRunner.privateRun(TestRunner.java:739)
at org.testng.TestRunner.run(TestRunner.java:614)
at org.testng.SuiteRunner.runTest(SuiteRunner.java:421)
at org.testng.SuiteRunner.runSequentially(SuiteRunner.java:413)
at org.testng.SuiteRunner.privateRun(SuiteRunner.java:373)
at org.testng.SuiteRunner.run(SuiteRunner.java:312)
at org.testng.SuiteRunnerWorker.runSuite(SuiteRunnerWorker.java:52)
at org.testng.SuiteRunnerWorker.run(SuiteRunnerWorker.java:95)
at org.testng.TestNG.runSuitesSequentially(TestNG.java:1274)
at org.testng.TestNG.runSuitesLocally(TestNG.java:1208)
at org.testng.TestNG.runSuites(TestNG.java:1112)
at org.testng.TestNG.run(TestNG.java:1079)
at org.testng.remote.AbstractRemoteTestNG.run(AbstractRemoteTestNG.java:115)
at org.testng.remote.RemoteTestNG.initAndRun(RemoteTestNG.java:293)
at org.testng.remote.RemoteTestNG.main(RemoteTestNG.java:91)
]]>
            </full-stacktrace>
          </exception> <!-- org.openqa.selenium.NoSuchElementException -->
          <reporter-output>
          </reporter-output>
        </test-method> <!-- testOrangeHRMone -->
        <test-method is-config="true" signature="checkstatus(java.lang.reflect.Method,org.testng.ITestResult)[pri:0, instance:thirddatadrivenformatterextentframeworkthird.datadriverextetntestng@58326051]" started-at="2025-03-13T15:43:43 IST" name="checkstatus" finished-at="2025-03-13T15:43:44 IST" duration-ms="150" status="PASS">
          <params>
            <param index="0">
              <value>
                <![CDATA[public void thirddatadrivenformatterextentframeworkthird.datadriverextetntestng.testOrangeHRMone(java.lang.String,java.lang.String)]]>
              </value>
            </param>
            <param index="1">
              <value>
                <![CDATA[[TestResult name=testOrangeHRMone status=FAILURE method=datadriverextetntestng.testOrangeHRMone(java.lang.String,java.lang.String)[pri:0, instance:thirddatadrivenformatterextentframeworkthird.datadriverextetntestng@58326051] output={null}]]]>
              </value>
            </param>
          </params>
          <reporter-output>
          </reporter-output>
        </test-method> <!-- checkstatus -->
        <test-method signature="testOrangeHRMone(java.lang.String,java.lang.String)[pri:0, instance:thirddatadrivenformatterextentframeworkthird.datadriverextetntestng@58326051]" started-at="2025-03-13T15:43:44 IST" name="testOrangeHRMone" data-provider="verification" finished-at="2025-03-13T15:43:55 IST" duration-ms="11631" status="FAIL">
          <params>
            <param index="0">
              <value>
                <![CDATA[asdfg]]>
              </value>
            </param>
            <param index="1">
              <value>
                <![CDATA[admin123]]>
              </value>
            </param>
          </params>
          <exception class="org.openqa.selenium.NoSuchElementException">
            <message>
              <![CDATA[no such element: Unable to locate element: {"method":"xpath","selector":"//span[@class='oxd-userdropdown-tab']/child::img"}
  (Session info: chrome=133.0.6943.142)
For documentation on this error, please visit: https://www.selenium.dev/documentation/webdriver/troubleshooting/errors#no-such-element-exception
Build info: version: '4.28.1', revision: '73f5ad48a2'
System info: os.name: 'Windows 11', os.arch: 'amd64', os.version: '10.0', java.version: '23.0.1'
Driver info: org.openqa.selenium.chrome.ChromeDriver
Command: [c70068e6dca937f42d02800bb5d28a5e, findElement {using=xpath, value=//span[@class='oxd-userdropdown-tab']/child::img}]
Capabilities {acceptInsecureCerts: false, browserName: chrome, browserVersion: 133.0.6943.142, chrome: {chromedriverVersion: 133.0.6943.141 (2a5d6da0d61..., userDataDir: C:\Users\ASUS\AppData\Local...}, fedcm:accounts: true, goog:chromeOptions: {debuggerAddress: localhost:52468}, networkConnectionEnabled: false, pageLoadStrategy: normal, platformName: windows, proxy: Proxy(), se:cdp: ws://localhost:52468/devtoo..., se:cdpVersion: 133.0.6943.142, setWindowRect: true, strictFileInteractability: false, timeouts: {implicit: 0, pageLoad: 300000, script: 30000}, unhandledPromptBehavior: dismiss and notify, webauthn:extension:credBlob: true, webauthn:extension:largeBlob: true, webauthn:extension:minPinLength: true, webauthn:extension:prf: true, webauthn:virtualAuthenticators: true}
Session ID: c70068e6dca937f42d02800bb5d28a5e]]>
            </message>
            <full-stacktrace>
              <![CDATA[org.openqa.selenium.NoSuchElementException: no such element: Unable to locate element: {"method":"xpath","selector":"//span[@class='oxd-userdropdown-tab']/child::img"}
  (Session info: chrome=133.0.6943.142)
For documentation on this error, please visit: https://www.selenium.dev/documentation/webdriver/troubleshooting/errors#no-such-element-exception
Build info: version: '4.28.1', revision: '73f5ad48a2'
System info: os.name: 'Windows 11', os.arch: 'amd64', os.version: '10.0', java.version: '23.0.1'
Driver info: org.openqa.selenium.chrome.ChromeDriver
Command: [c70068e6dca937f42d02800bb5d28a5e, findElement {using=xpath, value=//span[@class='oxd-userdropdown-tab']/child::img}]
Capabilities {acceptInsecureCerts: false, browserName: chrome, browserVersion: 133.0.6943.142, chrome: {chromedriverVersion: 133.0.6943.141 (2a5d6da0d61..., userDataDir: C:\Users\ASUS\AppData\Local...}, fedcm:accounts: true, goog:chromeOptions: {debuggerAddress: localhost:52468}, networkConnectionEnabled: false, pageLoadStrategy: normal, platformName: windows, proxy: Proxy(), se:cdp: ws://localhost:52468/devtoo..., se:cdpVersion: 133.0.6943.142, setWindowRect: true, strictFileInteractability: false, timeouts: {implicit: 0, pageLoad: 300000, script: 30000}, unhandledPromptBehavior: dismiss and notify, webauthn:extension:credBlob: true, webauthn:extension:largeBlob: true, webauthn:extension:minPinLength: true, webauthn:extension:prf: true, webauthn:virtualAuthenticators: true}
Session ID: c70068e6dca937f42d02800bb5d28a5e
at java.base/jdk.internal.reflect.DirectConstructorHandleAccessor.newInstance(DirectConstructorHandleAccessor.java:62)
at java.base/java.lang.reflect.Constructor.newInstanceWithCaller(Constructor.java:501)
at java.base/java.lang.reflect.Constructor.newInstance(Constructor.java:485)
at org.openqa.selenium.remote.ErrorCodec.decode(ErrorCodec.java:167)
at org.openqa.selenium.remote.codec.w3c.W3CHttpResponseCodec.decode(W3CHttpResponseCodec.java:138)
at org.openqa.selenium.remote.codec.w3c.W3CHttpResponseCodec.decode(W3CHttpResponseCodec.java:50)
at org.openqa.selenium.remote.HttpCommandExecutor.execute(HttpCommandExecutor.java:215)
at org.openqa.selenium.remote.service.DriverCommandExecutor.invokeExecute(DriverCommandExecutor.java:216)
at org.openqa.selenium.remote.service.DriverCommandExecutor.execute(DriverCommandExecutor.java:174)
at org.openqa.selenium.remote.RemoteWebDriver.execute(RemoteWebDriver.java:545)
at org.openqa.selenium.remote.ElementLocation$ElementFinder$2.findElement(ElementLocation.java:165)
at org.openqa.selenium.remote.ElementLocation.findElement(ElementLocation.java:59)
at org.openqa.selenium.remote.RemoteWebDriver.findElement(RemoteWebDriver.java:368)
at org.openqa.selenium.remote.RemoteWebDriver.findElement(RemoteWebDriver.java:362)
at thirddatadrivenformatterextentframeworkthird.datadriverextetntestng.testOrangeHRMone(datadriverextetntestng.java:17)
at java.base/jdk.internal.reflect.DirectMethodHandleAccessor.invoke(DirectMethodHandleAccessor.java:103)
at java.base/java.lang.reflect.Method.invoke(Method.java:580)
at org.testng.internal.invokers.MethodInvocationHelper.invokeMethod(MethodInvocationHelper.java:141)
at org.testng.internal.invokers.TestInvoker.invokeMethod(TestInvoker.java:686)
at org.testng.internal.invokers.TestInvoker.invokeTestMethod(TestInvoker.java:230)
at org.testng.internal.invokers.MethodRunner.runInSequence(MethodRunner.java:63)
at org.testng.internal.invokers.TestInvoker$MethodInvocationAgent.invoke(TestInvoker.java:992)
at org.testng.internal.invokers.TestInvoker.invokeTestMethods(TestInvoker.java:203)
at org.testng.internal.invokers.TestMethodWorker.invokeTestMethods(TestMethodWorker.java:154)
at org.testng.internal.invokers.TestMethodWorker.run(TestMethodWorker.java:134)
at java.base/java.util.ArrayList.forEach(ArrayList.java:1597)
at org.testng.TestRunner.privateRun(TestRunner.java:739)
at org.testng.TestRunner.run(TestRunner.java:614)
at org.testng.SuiteRunner.runTest(SuiteRunner.java:421)
at org.testng.SuiteRunner.runSequentially(SuiteRunner.java:413)
at org.testng.SuiteRunner.privateRun(SuiteRunner.java:373)
at org.testng.SuiteRunner.run(SuiteRunner.java:312)
at org.testng.SuiteRunnerWorker.runSuite(SuiteRunnerWorker.java:52)
at org.testng.SuiteRunnerWorker.run(SuiteRunnerWorker.java:95)
at org.testng.TestNG.runSuitesSequentially(TestNG.java:1274)
at org.testng.TestNG.runSuitesLocally(TestNG.java:1208)
at org.testng.TestNG.runSuites(TestNG.java:1112)
at org.testng.TestNG.run(TestNG.java:1079)
at org.testng.remote.AbstractRemoteTestNG.run(AbstractRemoteTestNG.java:115)
at org.testng.remote.RemoteTestNG.initAndRun(RemoteTestNG.java:293)
at org.testng.remote.RemoteTestNG.main(RemoteTestNG.java:91)
]]>
            </full-stacktrace>
          </exception> <!-- org.openqa.selenium.NoSuchElementException -->
          <reporter-output>
          </reporter-output>
        </test-method> <!-- testOrangeHRMone -->
        <test-method is-config="true" signature="checkstatus(java.lang.reflect.Method,org.testng.ITestResult)[pri:0, instance:thirddatadrivenformatterextentframeworkthird.datadriverextetntestng@58326051]" started-at="2025-03-13T15:43:55 IST" name="checkstatus" finished-at="2025-03-13T15:43:55 IST" duration-ms="134" status="PASS">
          <params>
            <param index="0">
              <value>
                <![CDATA[public void thirddatadrivenformatterextentframeworkthird.datadriverextetntestng.testOrangeHRMone(java.lang.String,java.lang.String)]]>
              </value>
            </param>
            <param index="1">
              <value>
                <![CDATA[[TestResult name=testOrangeHRMone status=FAILURE method=datadriverextetntestng.testOrangeHRMone(java.lang.String,java.lang.String)[pri:0, instance:thirddatadrivenformatterextentframeworkthird.datadriverextetntestng@58326051] output={null}]]]>
              </value>
            </param>
          </params>
          <reporter-output>
          </reporter-output>
        </test-method> <!-- checkstatus -->
        <test-method signature="testOrangeHRMone(java.lang.String,java.lang.String)[pri:0, instance:thirddatadrivenformatterextentframeworkthird.datadriverextetntestng@58326051]" started-at="2025-03-13T15:43:55 IST" name="testOrangeHRMone" data-provider="verification" finished-at="2025-03-13T15:44:07 IST" duration-ms="11770" status="FAIL">
          <params>
            <param index="0">
              <value>
                <![CDATA[qwert]]>
              </value>
            </param>
            <param index="1">
              <value>
                <![CDATA[lkjhg8976]]>
              </value>
            </param>
          </params>
          <exception class="org.openqa.selenium.NoSuchElementException">
            <message>
              <![CDATA[no such element: Unable to locate element: {"method":"xpath","selector":"//span[@class='oxd-userdropdown-tab']/child::img"}
  (Session info: chrome=133.0.6943.142)
For documentation on this error, please visit: https://www.selenium.dev/documentation/webdriver/troubleshooting/errors#no-such-element-exception
Build info: version: '4.28.1', revision: '73f5ad48a2'
System info: os.name: 'Windows 11', os.arch: 'amd64', os.version: '10.0', java.version: '23.0.1'
Driver info: org.openqa.selenium.chrome.ChromeDriver
Command: [c70068e6dca937f42d02800bb5d28a5e, findElement {using=xpath, value=//span[@class='oxd-userdropdown-tab']/child::img}]
Capabilities {acceptInsecureCerts: false, browserName: chrome, browserVersion: 133.0.6943.142, chrome: {chromedriverVersion: 133.0.6943.141 (2a5d6da0d61..., userDataDir: C:\Users\ASUS\AppData\Local...}, fedcm:accounts: true, goog:chromeOptions: {debuggerAddress: localhost:52468}, networkConnectionEnabled: false, pageLoadStrategy: normal, platformName: windows, proxy: Proxy(), se:cdp: ws://localhost:52468/devtoo..., se:cdpVersion: 133.0.6943.142, setWindowRect: true, strictFileInteractability: false, timeouts: {implicit: 0, pageLoad: 300000, script: 30000}, unhandledPromptBehavior: dismiss and notify, webauthn:extension:credBlob: true, webauthn:extension:largeBlob: true, webauthn:extension:minPinLength: true, webauthn:extension:prf: true, webauthn:virtualAuthenticators: true}
Session ID: c70068e6dca937f42d02800bb5d28a5e]]>
            </message>
            <full-stacktrace>
              <![CDATA[org.openqa.selenium.NoSuchElementException: no such element: Unable to locate element: {"method":"xpath","selector":"//span[@class='oxd-userdropdown-tab']/child::img"}
  (Session info: chrome=133.0.6943.142)
For documentation on this error, please visit: https://www.selenium.dev/documentation/webdriver/troubleshooting/errors#no-such-element-exception
Build info: version: '4.28.1', revision: '73f5ad48a2'
System info: os.name: 'Windows 11', os.arch: 'amd64', os.version: '10.0', java.version: '23.0.1'
Driver info: org.openqa.selenium.chrome.ChromeDriver
Command: [c70068e6dca937f42d02800bb5d28a5e, findElement {using=xpath, value=//span[@class='oxd-userdropdown-tab']/child::img}]
Capabilities {acceptInsecureCerts: false, browserName: chrome, browserVersion: 133.0.6943.142, chrome: {chromedriverVersion: 133.0.6943.141 (2a5d6da0d61..., userDataDir: C:\Users\ASUS\AppData\Local...}, fedcm:accounts: true, goog:chromeOptions: {debuggerAddress: localhost:52468}, networkConnectionEnabled: false, pageLoadStrategy: normal, platformName: windows, proxy: Proxy(), se:cdp: ws://localhost:52468/devtoo..., se:cdpVersion: 133.0.6943.142, setWindowRect: true, strictFileInteractability: false, timeouts: {implicit: 0, pageLoad: 300000, script: 30000}, unhandledPromptBehavior: dismiss and notify, webauthn:extension:credBlob: true, webauthn:extension:largeBlob: true, webauthn:extension:minPinLength: true, webauthn:extension:prf: true, webauthn:virtualAuthenticators: true}
Session ID: c70068e6dca937f42d02800bb5d28a5e
at java.base/jdk.internal.reflect.DirectConstructorHandleAccessor.newInstance(DirectConstructorHandleAccessor.java:62)
at java.base/java.lang.reflect.Constructor.newInstanceWithCaller(Constructor.java:501)
at java.base/java.lang.reflect.Constructor.newInstance(Constructor.java:485)
at org.openqa.selenium.remote.ErrorCodec.decode(ErrorCodec.java:167)
at org.openqa.selenium.remote.codec.w3c.W3CHttpResponseCodec.decode(W3CHttpResponseCodec.java:138)
at org.openqa.selenium.remote.codec.w3c.W3CHttpResponseCodec.decode(W3CHttpResponseCodec.java:50)
at org.openqa.selenium.remote.HttpCommandExecutor.execute(HttpCommandExecutor.java:215)
at org.openqa.selenium.remote.service.DriverCommandExecutor.invokeExecute(DriverCommandExecutor.java:216)
at org.openqa.selenium.remote.service.DriverCommandExecutor.execute(DriverCommandExecutor.java:174)
at org.openqa.selenium.remote.RemoteWebDriver.execute(RemoteWebDriver.java:545)
at org.openqa.selenium.remote.ElementLocation$ElementFinder$2.findElement(ElementLocation.java:165)
at org.openqa.selenium.remote.ElementLocation.findElement(ElementLocation.java:59)
at org.openqa.selenium.remote.RemoteWebDriver.findElement(RemoteWebDriver.java:368)
at org.openqa.selenium.remote.RemoteWebDriver.findElement(RemoteWebDriver.java:362)
at thirddatadrivenformatterextentframeworkthird.datadriverextetntestng.testOrangeHRMone(datadriverextetntestng.java:17)
at java.base/jdk.internal.reflect.DirectMethodHandleAccessor.invoke(DirectMethodHandleAccessor.java:103)
at java.base/java.lang.reflect.Method.invoke(Method.java:580)
at org.testng.internal.invokers.MethodInvocationHelper.invokeMethod(MethodInvocationHelper.java:141)
at org.testng.internal.invokers.TestInvoker.invokeMethod(TestInvoker.java:686)
at org.testng.internal.invokers.TestInvoker.invokeTestMethod(TestInvoker.java:230)
at org.testng.internal.invokers.MethodRunner.runInSequence(MethodRunner.java:63)
at org.testng.internal.invokers.TestInvoker$MethodInvocationAgent.invoke(TestInvoker.java:992)
at org.testng.internal.invokers.TestInvoker.invokeTestMethods(TestInvoker.java:203)
at org.testng.internal.invokers.TestMethodWorker.invokeTestMethods(TestMethodWorker.java:154)
at org.testng.internal.invokers.TestMethodWorker.run(TestMethodWorker.java:134)
at java.base/java.util.ArrayList.forEach(ArrayList.java:1597)
at org.testng.TestRunner.privateRun(TestRunner.java:739)
at org.testng.TestRunner.run(TestRunner.java:614)
at org.testng.SuiteRunner.runTest(SuiteRunner.java:421)
at org.testng.SuiteRunner.runSequentially(SuiteRunner.java:413)
at org.testng.SuiteRunner.privateRun(SuiteRunner.java:373)
at org.testng.SuiteRunner.run(SuiteRunner.java:312)
at org.testng.SuiteRunnerWorker.runSuite(SuiteRunnerWorker.java:52)
at org.testng.SuiteRunnerWorker.run(SuiteRunnerWorker.java:95)
at org.testng.TestNG.runSuitesSequentially(TestNG.java:1274)
at org.testng.TestNG.runSuitesLocally(TestNG.java:1208)
at org.testng.TestNG.runSuites(TestNG.java:1112)
at org.testng.TestNG.run(TestNG.java:1079)
at org.testng.remote.AbstractRemoteTestNG.run(AbstractRemoteTestNG.java:115)
at org.testng.remote.RemoteTestNG.initAndRun(RemoteTestNG.java:293)
at org.testng.remote.RemoteTestNG.main(RemoteTestNG.java:91)
]]>
            </full-stacktrace>
          </exception> <!-- org.openqa.selenium.NoSuchElementException -->
          <reporter-output>
          </reporter-output>
        </test-method> <!-- testOrangeHRMone -->
        <test-method is-config="true" signature="checkstatus(java.lang.reflect.Method,org.testng.ITestResult)[pri:0, instance:thirddatadrivenformatterextentframeworkthird.datadriverextetntestng@58326051]" started-at="2025-03-13T15:44:07 IST" name="checkstatus" finished-at="2025-03-13T15:44:07 IST" duration-ms="116" status="PASS">
          <params>
            <param index="0">
              <value>
                <![CDATA[public void thirddatadrivenformatterextentframeworkthird.datadriverextetntestng.testOrangeHRMone(java.lang.String,java.lang.String)]]>
              </value>
            </param>
            <param index="1">
              <value>
                <![CDATA[[TestResult name=testOrangeHRMone status=FAILURE method=datadriverextetntestng.testOrangeHRMone(java.lang.String,java.lang.String)[pri:0, instance:thirddatadrivenformatterextentframeworkthird.datadriverextetntestng@58326051] output={null}]]]>
              </value>
            </param>
          </params>
          <reporter-output>
          </reporter-output>
        </test-method> <!-- checkstatus -->
        <test-method signature="testOrangeHRMone(java.lang.String,java.lang.String)[pri:0, instance:thirddatadrivenformatterextentframeworkthird.datadriverextetntestng@58326051]" started-at="2025-03-13T15:44:07 IST" name="testOrangeHRMone" data-provider="verification" finished-at="2025-03-13T15:44:12 IST" duration-ms="4749" status="PASS">
          <params>
            <param index="0">
              <value>
                <![CDATA[Admin]]>
              </value>
            </param>
            <param index="1">
              <value>
                <![CDATA[admin123]]>
              </value>
            </param>
          </params>
          <reporter-output>
          </reporter-output>
        </test-method> <!-- testOrangeHRMone -->
        <test-method is-config="true" signature="checkstatus(java.lang.reflect.Method,org.testng.ITestResult)[pri:0, instance:thirddatadrivenformatterextentframeworkthird.datadriverextetntestng@58326051]" started-at="2025-03-13T15:44:12 IST" name="checkstatus" finished-at="2025-03-13T15:44:12 IST" duration-ms="1" status="PASS">
          <params>
            <param index="0">
              <value>
                <![CDATA[public void thirddatadrivenformatterextentframeworkthird.datadriverextetntestng.testOrangeHRMone(java.lang.String,java.lang.String)]]>
              </value>
            </param>
            <param index="1">
              <value>
                <![CDATA[[TestResult name=testOrangeHRMone status=SUCCESS method=datadriverextetntestng.testOrangeHRMone(java.lang.String,java.lang.String)[pri:0, instance:thirddatadrivenformatterextentframeworkthird.datadriverextetntestng@58326051] output={null}]]]>
              </value>
            </param>
          </params>
          <reporter-output>
          </reporter-output>
        </test-method> <!-- checkstatus -->
        <test-method is-config="true" signature="teardown()[pri:0, instance:thirddatadrivenformatterextentframeworkthird.datadriverextetntestng@58326051]" started-at="2025-03-13T15:44:12 IST" name="teardown" finished-at="2025-03-13T15:44:12 IST" duration-ms="277" status="PASS">
          <reporter-output>
          </reporter-output>
        </test-method> <!-- teardown -->
      </class> <!-- thirddatadrivenformatterextentframeworkthird.datadriverextetntestng -->
    </test> <!-- TestORNGHRM -->
    <test started-at="2025-03-13T15:44:12 IST" name="TestGoogle" finished-at="2025-03-13T15:44:19 IST" duration-ms="6695">
      <class name="thirddatadrivenformatterextentframeworkthird.datadriverextetntestng">
        <test-method is-config="true" signature="setup(org.testng.ITestContext)[pri:0, instance:thirddatadrivenformatterextentframeworkthird.datadriverextetntestng@4426bff1]" started-at="2025-03-13T15:44:12 IST" name="setup" finished-at="2025-03-13T15:44:14 IST" duration-ms="1334" status="PASS">
          <params>
            <param index="0">
              <value>
                <![CDATA[org.testng.TestRunner@2a87ba34]]>
              </value>
            </param>
          </params>
          <reporter-output>
          </reporter-output>
        </test-method> <!-- setup -->
        <test-method signature="testgooglee()[pri:0, instance:thirddatadrivenformatterextentframeworkthird.datadriverextetntestng@4426bff1]" started-at="2025-03-13T15:44:14 IST" name="testgooglee" finished-at="2025-03-13T15:44:19 IST" duration-ms="5104" status="PASS">
          <reporter-output>
          </reporter-output>
        </test-method> <!-- testgooglee -->
        <test-method is-config="true" signature="checkstatus(java.lang.reflect.Method,org.testng.ITestResult)[pri:0, instance:thirddatadrivenformatterextentframeworkthird.datadriverextetntestng@4426bff1]" started-at="2025-03-13T15:44:19 IST" name="checkstatus" finished-at="2025-03-13T15:44:19 IST" duration-ms="1" status="PASS">
          <params>
            <param index="0">
              <value>
                <![CDATA[public void thirddatadrivenformatterextentframeworkthird.datadriverextetntestng.testgooglee()]]>
              </value>
            </param>
            <param index="1">
              <value>
                <![CDATA[[TestResult name=testgooglee status=SUCCESS method=datadriverextetntestng.testgooglee()[pri:0, instance:thirddatadrivenformatterextentframeworkthird.datadriverextetntestng@4426bff1] output={null}]]]>
              </value>
            </param>
          </params>
          <reporter-output>
          </reporter-output>
        </test-method> <!-- checkstatus -->
        <test-method is-config="true" signature="teardown()[pri:0, instance:thirddatadrivenformatterextentframeworkthird.datadriverextetntestng@4426bff1]" started-at="2025-03-13T15:44:19 IST" name="teardown" finished-at="2025-03-13T15:44:19 IST" duration-ms="246" status="PASS">
          <reporter-output>
          </reporter-output>
        </test-method> <!-- teardown -->
      </class> <!-- thirddatadrivenformatterextentframeworkthird.datadriverextetntestng -->
    </test> <!-- TestGoogle -->
    <test started-at="2025-03-13T15:44:19 IST" name="TestFaceBook" finished-at="2025-03-13T15:44:25 IST" duration-ms="5952">
      <class name="thirddatadrivenformatterextentframeworkthird.datadriverextetntestng">
        <test-method is-config="true" signature="initialiseExtentreports()[pri:0, instance:thirddatadrivenformatterextentframeworkthird.datadriverextetntestng@55493582]" started-at="2025-03-13T15:43:11 IST" name="initialiseExtentreports" finished-at="2025-03-13T15:43:12 IST" duration-ms="212" status="PASS">
          <reporter-output>
          </reporter-output>
        </test-method> <!-- initialiseExtentreports -->
        <test-method is-config="true" signature="setup(org.testng.ITestContext)[pri:0, instance:thirddatadrivenformatterextentframeworkthird.datadriverextetntestng@55493582]" started-at="2025-03-13T15:44:19 IST" name="setup" finished-at="2025-03-13T15:44:20 IST" duration-ms="1234" status="PASS">
          <params>
            <param index="0">
              <value>
                <![CDATA[org.testng.TestRunner@34d480b9]]>
              </value>
            </param>
          </params>
          <reporter-output>
          </reporter-output>
        </test-method> <!-- setup -->
        <test-method signature="testfacebooks()[pri:0, instance:thirddatadrivenformatterextentframeworkthird.datadriverextetntestng@55493582]" started-at="2025-03-13T15:44:20 IST" name="testfacebooks" finished-at="2025-03-13T15:44:25 IST" duration-ms="4336" status="FAIL">
          <exception class="java.lang.AssertionError">
            <message>
              <![CDATA[expected [Facebooku – log in or sign up] but found [Facebook – log in or sign up]]]>
            </message>
            <full-stacktrace>
              <![CDATA[java.lang.AssertionError: expected [Facebooku – log in or sign up] but found [Facebook – log in or sign up]
at org.testng.Assert.fail(Assert.java:111)
at org.testng.Assert.failNotEquals(Assert.java:1578)
at org.testng.Assert.assertEqualsImpl(Assert.java:150)
at org.testng.Assert.assertEquals(Assert.java:132)
at org.testng.Assert.assertEquals(Assert.java:656)
at org.testng.Assert.assertEquals(Assert.java:666)
at thirddatadrivenformatterextentframeworkthird.datadriverextetntestng.testfacebooks(datadriverextetntestng.java:40)
at java.base/jdk.internal.reflect.DirectMethodHandleAccessor.invoke(DirectMethodHandleAccessor.java:103)
at java.base/java.lang.reflect.Method.invoke(Method.java:580)
at org.testng.internal.invokers.MethodInvocationHelper.invokeMethod(MethodInvocationHelper.java:141)
at org.testng.internal.invokers.TestInvoker.invokeMethod(TestInvoker.java:686)
at org.testng.internal.invokers.TestInvoker.invokeTestMethod(TestInvoker.java:230)
at org.testng.internal.invokers.MethodRunner.runInSequence(MethodRunner.java:63)
at org.testng.internal.invokers.TestInvoker$MethodInvocationAgent.invoke(TestInvoker.java:992)
at org.testng.internal.invokers.TestInvoker.invokeTestMethods(TestInvoker.java:203)
at org.testng.internal.invokers.TestMethodWorker.invokeTestMethods(TestMethodWorker.java:154)
at org.testng.internal.invokers.TestMethodWorker.run(TestMethodWorker.java:134)
at java.base/java.util.ArrayList.forEach(ArrayList.java:1597)
at org.testng.TestRunner.privateRun(TestRunner.java:739)
at org.testng.TestRunner.run(TestRunner.java:614)
at org.testng.SuiteRunner.runTest(SuiteRunner.java:421)
at org.testng.SuiteRunner.runSequentially(SuiteRunner.java:413)
at org.testng.SuiteRunner.privateRun(SuiteRunner.java:373)
at org.testng.SuiteRunner.run(SuiteRunner.java:312)
at org.testng.SuiteRunnerWorker.runSuite(SuiteRunnerWorker.java:52)
at org.testng.SuiteRunnerWorker.run(SuiteRunnerWorker.java:95)
at org.testng.TestNG.runSuitesSequentially(TestNG.java:1274)
at org.testng.TestNG.runSuitesLocally(TestNG.java:1208)
at org.testng.TestNG.runSuites(TestNG.java:1112)
at org.testng.TestNG.run(TestNG.java:1079)
at org.testng.remote.AbstractRemoteTestNG.run(AbstractRemoteTestNG.java:115)
at org.testng.remote.RemoteTestNG.initAndRun(RemoteTestNG.java:293)
at org.testng.remote.RemoteTestNG.main(RemoteTestNG.java:91)
]]>
            </full-stacktrace>
          </exception> <!-- java.lang.AssertionError -->
          <reporter-output>
          </reporter-output>
        </test-method> <!-- testfacebooks -->
        <test-method is-config="true" signature="checkstatus(java.lang.reflect.Method,org.testng.ITestResult)[pri:0, instance:thirddatadrivenformatterextentframeworkthird.datadriverextetntestng@55493582]" started-at="2025-03-13T15:44:25 IST" name="checkstatus" finished-at="2025-03-13T15:44:25 IST" duration-ms="130" status="PASS">
          <params>
            <param index="0">
              <value>
                <![CDATA[public void thirddatadrivenformatterextentframeworkthird.datadriverextetntestng.testfacebooks()]]>
              </value>
            </param>
            <param index="1">
              <value>
                <![CDATA[[TestResult name=testfacebooks status=FAILURE method=datadriverextetntestng.testfacebooks()[pri:0, instance:thirddatadrivenformatterextentframeworkthird.datadriverextetntestng@55493582] output={null}]]]>
              </value>
            </param>
          </params>
          <reporter-output>
          </reporter-output>
        </test-method> <!-- checkstatus -->
        <test-method is-config="true" signature="teardown()[pri:0, instance:thirddatadrivenformatterextentframeworkthird.datadriverextetntestng@55493582]" started-at="2025-03-13T15:44:25 IST" name="teardown" finished-at="2025-03-13T15:44:25 IST" duration-ms="245" status="PASS">
          <reporter-output>
          </reporter-output>
        </test-method> <!-- teardown -->
        <test-method is-config="true" signature="generateExtentreports()[pri:0, instance:thirddatadrivenformatterextentframeworkthird.datadriverextetntestng@55493582]" started-at="2025-03-13T15:44:25 IST" name="generateExtentreports" finished-at="2025-03-13T15:44:26 IST" duration-ms="848" status="PASS">
          <reporter-output>
          </reporter-output>
        </test-method> <!-- generateExtentreports -->
      </class> <!-- thirddatadrivenformatterextentframeworkthird.datadriverextetntestng -->
    </test> <!-- TestFaceBook -->
  </suite> <!-- Suite -->
</testng-results>
